<?xml version="1.0" encoding="UTF-8"?>
<Site BuildName="(empty)"
	BuildStamp="20240429-0626-Experimental"
	Name="khy"
	Generator="ctest-3.10.2"
	CompilerName="/usr/bin/g++"
	CompilerVersion="7.5.0"
	OSName="Linux"
	Hostname="khy"
	OSRelease="5.15.133.1-microsoft-standard-WSL2"
	OSVersion="#1 SMP Thu Oct 5 21:02:42 UTC 2023"
	OSPlatform="x86_64"
	Is64Bits="1"
	VendorString="GenuineIntel"
	VendorID="Intel Corporation"
	FamilyID="6"
	ModelID="186"
	ProcessorCacheSize="12288"
	NumberOfLogicalCPU="16"
	NumberOfPhysicalCPU="8"
	TotalVirtualMemory="2048"
	TotalPhysicalMemory="7802"
	LogicalProcessorsPerPhysical="2"
	ProcessorClockFrequency="2188.8"
	>
	<Testing>
		<StartDateTime>Apr 29 15:26 KST</StartDateTime>
		<StartTestTime>1714371963</StartTestTime>
		<TestList/>
		<EndDateTime>Apr 29 15:26 KST</EndDateTime>
		<EndTestTime>1714371963</EndTestTime>
		<ElapsedMinutes>0</ElapsedMinutes>
	</Testing>
</Site>
